<?xml version="1.0" encoding="UTF-8"?>
<testsuite name="ru.stqa.pft.sandbox.PrimeTests" tests="2" skipped="0" failures="0" errors="0" timestamp="2021-10-25T11:51:29" hostname="IS-KONSTANTINOV" time="0.015">
  <properties/>
  <testcase name="testNoPrimes" classname="ru.stqa.pft.sandbox.PrimeTests" time="0.011"/>
  <testcase name="testPrimes" classname="ru.stqa.pft.sandbox.PrimeTests" time="0.001"/>
  <system-out><![CDATA[]]></system-out>
  <system-err><![CDATA[]]></system-err>
</testsuite>
