<?xml version="1.0" encoding="UTF-8"?>
<testsuite name="ru.stqa.pft.sandbox.EquationTest" tests="6" skipped="0" failures="0" errors="0" timestamp="2021-09-27T09:49:23" hostname="IS-KONSTANTINOV" time="0.024">
  <properties/>
  <testcase name="test0" classname="ru.stqa.pft.sandbox.EquationTest" time="0.007"/>
  <testcase name="test1" classname="ru.stqa.pft.sandbox.EquationTest" time="0.0"/>
  <testcase name="test2" classname="ru.stqa.pft.sandbox.EquationTest" time="0.0"/>
  <testcase name="testConstant" classname="ru.stqa.pft.sandbox.EquationTest" time="0.0"/>
  <testcase name="testLiner" classname="ru.stqa.pft.sandbox.EquationTest" time="0.0"/>
  <testcase name="testZero" classname="ru.stqa.pft.sandbox.EquationTest" time="0.001"/>
  <system-out><![CDATA[]]></system-out>
  <system-err><![CDATA[]]></system-err>
</testsuite>
