<?xml version="1.0" encoding="UTF-8"?>
<testsuite name="ru.stqa.pft.sandbox.EquationTest" tests="3" skipped="0" failures="0" errors="0" timestamp="2021-09-23T12:50:35" hostname="IS-KONSTANTINOV" time="0.012">
  <properties/>
  <testcase name="test0" classname="ru.stqa.pft.sandbox.EquationTest" time="0.007"/>
  <testcase name="test1" classname="ru.stqa.pft.sandbox.EquationTest" time="0.0"/>
  <testcase name="test2" classname="ru.stqa.pft.sandbox.EquationTest" time="0.0"/>
  <system-out><![CDATA[]]></system-out>
  <system-err><![CDATA[]]></system-err>
</testsuite>
