<?xml version="1.0" encoding="UTF-8"?>
<testsuite name="ru.stqa.pft.addressbook.tests.GroupDeletion" tests="1" skipped="0" failures="0" errors="0" timestamp="2021-09-23T11:24:27" hostname="IS-KONSTANTINOV" time="0.463">
  <properties/>
  <testcase name="testGroupDeletion" classname="ru.stqa.pft.addressbook.tests.GroupDeletion" time="0.463"/>
  <system-out><![CDATA[]]></system-out>
  <system-err><![CDATA[SLF4J: Failed to load class "org.slf4j.impl.StaticLoggerBinder".
SLF4J: Defaulting to no-operation (NOP) logger implementation
SLF4J: See http://www.slf4j.org/codes.html#StaticLoggerBinder for further details.
1632396264461	geckodriver	INFO	Listening on 127.0.0.1:36880
1632396265246	mozrunner::runner	INFO	Running command: "C:\\Program Files (x86)\\Mozilla Firefox\\firefox.exe" "--marionette" "--remote-debugging-port" "9222" "-no-remote" "-profile" "C:\\Users\\KONSTA~1\\AppData\\Local\\Temp\\rust_mozprofileU1fERm"
JavaScript error: resource://gre/modules/XULStore.jsm, line 66: Error: Can't find profile directory.
1632396266994	Marionette	INFO	Listening on port 54264
1632396267291	Marionette	WARN	TLS certificate errors will be ignored for this session
сент. 23, 2021 3:24:27 PM org.openqa.selenium.remote.ProtocolHandshake createSession
INFO: Detected dialect: W3C
]]></system-err>
</testsuite>
