<?xml version="1.0" encoding="UTF-8"?>
<<<<<<< HEAD
<testsuite name="ru.stqa.pft.addressbook.UntitledTestCase" tests="1" skipped="0" failures="0" errors="0" timestamp="2021-09-23T05:57:23" hostname="IS-KONSTANTINOV" time="1.38">
  <properties/>
  <testcase name="testUntitledTestCase" classname="ru.stqa.pft.addressbook.UntitledTestCase" time="1.38"/>
=======
<testsuite name="ru.stqa.pft.addressbook.UntitledTestCase" tests="1" skipped="0" failures="0" errors="0" timestamp="2021-09-22T18:39:14" hostname="LAPTOP-UON9HVHA" time="1.976">
  <properties/>
  <testcase name="testUntitledTestCase" classname="ru.stqa.pft.addressbook.UntitledTestCase" time="1.976"/>
>>>>>>> c50c41f2996ed000a37de3f610ca54c517663eef
  <system-out><![CDATA[]]></system-out>
  <system-err><![CDATA[SLF4J: Failed to load class "org.slf4j.impl.StaticLoggerBinder".
SLF4J: Defaulting to no-operation (NOP) logger implementation
SLF4J: See http://www.slf4j.org/codes.html#StaticLoggerBinder for further details.
<<<<<<< HEAD
1632376640711	geckodriver	INFO	Listening on 127.0.0.1:15295
1632376641538	mozrunner::runner	INFO	Running command: "C:\\Program Files (x86)\\Mozilla Firefox\\firefox.exe" "--marionette" "--remote-debugging-port" "9222" "-no-remote" "-profile" "C:\\Users\\KONSTA~1\\AppData\\Local\\Temp\\rust_mozprofile9FcPlC"
JavaScript error: resource://gre/modules/XULStore.jsm, line 66: Error: Can't find profile directory.
1632376643562	Marionette	INFO	Listening on port 58785
1632376643581	Marionette	WARN	TLS certificate errors will be ignored for this session
сент. 23, 2021 9:57:23 AM org.openqa.selenium.remote.ProtocolHandshake createSession
=======
1632335949255	geckodriver	INFO	Listening on 127.0.0.1:48907
1632335950602	mozrunner::runner	INFO	Running command: "C:\\Program Files\\Mozilla Firefox\\firefox.exe" "--marionette" "--remote-debugging-port" "9222" "-no-remote" "-profile" "C:\\Users\\79879\\AppData\\Local\\Temp\\rust_mozprofileABr65y"
JavaScript error: resource://gre/modules/XULStore.jsm, line 66: Error: Can't find profile directory.
1632335953499	Marionette	INFO	Listening on port 59541
1632335953786	Marionette	WARN	TLS certificate errors will be ignored for this session
сент. 22, 2021 10:39:13 PM org.openqa.selenium.remote.ProtocolHandshake createSession
>>>>>>> c50c41f2996ed000a37de3f610ca54c517663eef
INFO: Detected dialect: W3C
]]></system-err>
</testsuite>
